-------------------------------------------------------------------------------
Test set: com.api.produtosfavoritos.produtofavorito.CadastroProdutoTest
-------------------------------------------------------------------------------
Tests run: 4, Failures: 0, Errors: 4, Skipped: 0, Time elapsed: 4.141 s <<< FAILURE! - in com.api.produtosfavoritos.produtofavorito.CadastroProdutoTest
com.api.produtosfavoritos.produtofavorito.CadastroProdutoTest.devoCriarProdutoFavoritoEntaoRetornaHttp201  Time elapsed: 0.001 s  <<< ERROR!
java.lang.IllegalStateException: Failed to load ApplicationContext
Caused by: org.springframework.beans.factory.UnsatisfiedDependencyException: Error creating bean with name 'cadastroProdutoFavorito' defined in file [/Users/tomate/produtos-favoritos/target/classes/com/api/produtosfavoritos/produtosfavoritos/CadastroProdutoFavorito.class]: Unsatisfied dependency expressed through constructor parameter 1; nested exception is org.springframework.beans.factory.BeanCreationException: Error creating bean with name 'com.api.produtosfavoritos.produtosfavoritos.ProdutoApiRequest': Unexpected exception during bean creation; nested exception is java.lang.IllegalStateException: No Feign Client for loadBalancing defined. Did you forget to include spring-cloud-starter-loadbalancer?
Caused by: org.springframework.beans.factory.BeanCreationException: Error creating bean with name 'com.api.produtosfavoritos.produtosfavoritos.ProdutoApiRequest': Unexpected exception during bean creation; nested exception is java.lang.IllegalStateException: No Feign Client for loadBalancing defined. Did you forget to include spring-cloud-starter-loadbalancer?
Caused by: java.lang.IllegalStateException: No Feign Client for loadBalancing defined. Did you forget to include spring-cloud-starter-loadbalancer?

com.api.produtosfavoritos.produtofavorito.CadastroProdutoTest.naoDevoCriarProdutoFavoritoEntaoRetornaHttp404  Time elapsed: 0 s  <<< ERROR!
java.lang.IllegalStateException: Failed to load ApplicationContext
Caused by: org.springframework.beans.factory.UnsatisfiedDependencyException: Error creating bean with name 'cadastroProdutoFavorito' defined in file [/Users/tomate/produtos-favoritos/target/classes/com/api/produtosfavoritos/produtosfavoritos/CadastroProdutoFavorito.class]: Unsatisfied dependency expressed through constructor parameter 1; nested exception is org.springframework.beans.factory.BeanCreationException: Error creating bean with name 'com.api.produtosfavoritos.produtosfavoritos.ProdutoApiRequest': Unexpected exception during bean creation; nested exception is java.lang.IllegalStateException: No Feign Client for loadBalancing defined. Did you forget to include spring-cloud-starter-loadbalancer?
Caused by: org.springframework.beans.factory.BeanCreationException: Error creating bean with name 'com.api.produtosfavoritos.produtosfavoritos.ProdutoApiRequest': Unexpected exception during bean creation; nested exception is java.lang.IllegalStateException: No Feign Client for loadBalancing defined. Did you forget to include spring-cloud-starter-loadbalancer?
Caused by: java.lang.IllegalStateException: No Feign Client for loadBalancing defined. Did you forget to include spring-cloud-starter-loadbalancer?

com.api.produtosfavoritos.produtofavorito.CadastroProdutoTest.naoDevoCriarProdutoFavoritoEntaoRetornaHttp409  Time elapsed: 0 s  <<< ERROR!
java.lang.IllegalStateException: Failed to load ApplicationContext
Caused by: org.springframework.beans.factory.UnsatisfiedDependencyException: Error creating bean with name 'cadastroProdutoFavorito' defined in file [/Users/tomate/produtos-favoritos/target/classes/com/api/produtosfavoritos/produtosfavoritos/CadastroProdutoFavorito.class]: Unsatisfied dependency expressed through constructor parameter 1; nested exception is org.springframework.beans.factory.BeanCreationException: Error creating bean with name 'com.api.produtosfavoritos.produtosfavoritos.ProdutoApiRequest': Unexpected exception during bean creation; nested exception is java.lang.IllegalStateException: No Feign Client for loadBalancing defined. Did you forget to include spring-cloud-starter-loadbalancer?
Caused by: org.springframework.beans.factory.BeanCreationException: Error creating bean with name 'com.api.produtosfavoritos.produtosfavoritos.ProdutoApiRequest': Unexpected exception during bean creation; nested exception is java.lang.IllegalStateException: No Feign Client for loadBalancing defined. Did you forget to include spring-cloud-starter-loadbalancer?
Caused by: java.lang.IllegalStateException: No Feign Client for loadBalancing defined. Did you forget to include spring-cloud-starter-loadbalancer?

com.api.produtosfavoritos.produtofavorito.CadastroProdutoTest.naoDevoCriarProdutoFavoritoCasoProdutoNaoExistaEntaoRetornaHttp404  Time elapsed: 0 s  <<< ERROR!
java.lang.IllegalStateException: Failed to load ApplicationContext
Caused by: org.springframework.beans.factory.UnsatisfiedDependencyException: Error creating bean with name 'cadastroProdutoFavorito' defined in file [/Users/tomate/produtos-favoritos/target/classes/com/api/produtosfavoritos/produtosfavoritos/CadastroProdutoFavorito.class]: Unsatisfied dependency expressed through constructor parameter 1; nested exception is org.springframework.beans.factory.BeanCreationException: Error creating bean with name 'com.api.produtosfavoritos.produtosfavoritos.ProdutoApiRequest': Unexpected exception during bean creation; nested exception is java.lang.IllegalStateException: No Feign Client for loadBalancing defined. Did you forget to include spring-cloud-starter-loadbalancer?
Caused by: org.springframework.beans.factory.BeanCreationException: Error creating bean with name 'com.api.produtosfavoritos.produtosfavoritos.ProdutoApiRequest': Unexpected exception during bean creation; nested exception is java.lang.IllegalStateException: No Feign Client for loadBalancing defined. Did you forget to include spring-cloud-starter-loadbalancer?
Caused by: java.lang.IllegalStateException: No Feign Client for loadBalancing defined. Did you forget to include spring-cloud-starter-loadbalancer?

