<?xml version="1.0" encoding="UTF-8"?>
<testsuite xmlns:xsi="http://www.w3.org/2001/XMLSchema-instance" xsi:noNamespaceSchemaLocation="https://maven.apache.org/surefire/maven-surefire-plugin/xsd/surefire-test-report-3.0.xsd" version="3.0" name="com.api.produtosfavoritos.produtofavorito.CadastroProdutoFavoritoTest" time="1.338" tests="4" errors="0" skipped="0" failures="0">
  <properties>
[...]
</properties>
  <testcase name="devoCriarProdutoFavoritoEntaoRetornaHttp201" classname="com.api.produtosfavoritos.produtofavorito.CadastroProdutoFavoritoTest" time="0.297">
    <system-out><![CDATA[26-04-2021 21:44:58.742  [INFO ] AbstractContextLoader - Could not detect default resource locations for test class [com.api.produtosfavoritos.produtofavorito.CadastroProdutoFavoritoTest]: no resource found for suffixes {-context.xml, Context.groovy}.
26-04-2021 21:44:58.742  [INFO ] AnnotationConfigContextLoaderUtils - Could not detect default configuration classes for test class [com.api.produtosfavoritos.produtofavorito.CadastroProdutoFavoritoTest]: CadastroProdutoFavoritoTest does not declare any static, non-private, non-final, nested classes annotated with @Configuration.
26-04-2021 21:44:58.744  [INFO ] SpringBootTestContextBootstrapper - Found @SpringBootConfiguration com.api.produtosfavoritos.ProdutosFavoritosApplication for test class com.api.produtosfavoritos.produtofavorito.CadastroProdutoFavoritoTest
26-04-2021 21:44:58.745  [INFO ] AbstractTestContextBootstrapper - Loaded default TestExecutionListener class names from location [META-INF/spring.factories]: [org.springframework.boot.test.mock.mockito.MockitoTestExecutionListener, org.springframework.boot.test.mock.mockito.ResetMocksTestExecutionListener, org.springframework.boot.test.autoconfigure.restdocs.RestDocsTestExecutionListener, org.springframework.boot.test.autoconfigure.web.client.MockRestServiceServerResetTestExecutionListener, org.springframework.boot.test.autoconfigure.web.servlet.MockMvcPrintOnlyOnFailureTestExecutionListener, org.springframework.boot.test.autoconfigure.web.servlet.WebDriverTestExecutionListener, org.springframework.boot.test.autoconfigure.webservices.client.MockWebServiceServerTestExecutionListener, org.springframework.test.context.web.ServletTestExecutionListener, org.springframework.test.context.support.DirtiesContextBeforeModesTestExecutionListener, org.springframework.test.context.event.ApplicationEventsTestExecutionListener, org.springframework.test.context.support.DependencyInjectionTestExecutionListener, org.springframework.test.context.support.DirtiesContextTestExecutionListener, org.springframework.test.context.transaction.TransactionalTestExecutionListener, org.springframework.test.context.jdbc.SqlScriptsTestExecutionListener, org.springframework.test.context.event.EventPublishingTestExecutionListener]
26-04-2021 21:44:58.745  [INFO ] AbstractTestContextBootstrapper - Using TestExecutionListeners: [org.springframework.test.context.web.ServletTestExecutionListener@39da0d43, org.springframework.test.context.support.DirtiesContextBeforeModesTestExecutionListener@b6db92b, org.springframework.test.context.event.ApplicationEventsTestExecutionListener@15500a8, org.springframework.boot.test.mock.mockito.MockitoTestExecutionListener@2d0ed017, org.springframework.boot.test.autoconfigure.SpringBootDependencyInjectionTestExecutionListener@445760e0, org.springframework.test.context.support.DirtiesContextTestExecutionListener@22152da0, org.springframework.test.context.transaction.TransactionalTestExecutionListener@b6c290a, org.springframework.test.context.jdbc.SqlScriptsTestExecutionListener@5039de18, org.springframework.test.context.event.EventPublishingTestExecutionListener@2f96e49f, org.springframework.boot.test.mock.mockito.ResetMocksTestExecutionListener@24e5a4e0, org.springframework.boot.test.autoconfigure.restdocs.RestDocsTestExecutionListener@4e2bed0f, org.springframework.boot.test.autoconfigure.web.client.MockRestServiceServerResetTestExecutionListener@507c33cc, org.springframework.boot.test.autoconfigure.web.servlet.MockMvcPrintOnlyOnFailureTestExecutionListener@48d68740, org.springframework.boot.test.autoconfigure.web.servlet.WebDriverTestExecutionListener@419df81e, org.springframework.boot.test.autoconfigure.webservices.client.MockWebServiceServerTestExecutionListener@50cf26b7]
26-04-2021 21:44:58.754 f89d23a5-c4ff-493f-9804-d94bcfcc2aca [INFO ] CorrelationIDInterceptor - correlation ID :f89d23a5-c4ff-493f-9804-d94bcfcc2aca
26-04-2021 21:44:58.756 f89d23a5-c4ff-493f-9804-d94bcfcc2aca [INFO ] ControllerCliente - Mapeamento do cliente realizado com sucesso: Cliente{nome='helder'}
26-04-2021 21:44:58.758 f89d23a5-c4ff-493f-9804-d94bcfcc2aca [INFO ] ControllerCliente - Cliente salvo com sucesso: Cliente{nome='helder'}
26-04-2021 21:44:59.034 bd7724ab-f7fb-40d2-8541-226fee7d6e9e [INFO ] CorrelationIDInterceptor - correlation ID :bd7724ab-f7fb-40d2-8541-226fee7d6e9e
26-04-2021 21:44:59.036 bd7724ab-f7fb-40d2-8541-226fee7d6e9e [INFO ] CadastroProdutoFavorito - Cliente validado com sucesso: 
26-04-2021 21:44:59.037 bd7724ab-f7fb-40d2-8541-226fee7d6e9e [INFO ] CadastroProdutoFavorito - produto validado com sucesso
26-04-2021 21:44:59.039 bd7724ab-f7fb-40d2-8541-226fee7d6e9e [INFO ] CadastroProdutoFavorito - produto consultado no catalogo de produtos com sucesso
26-04-2021 21:44:59.042 bd7724ab-f7fb-40d2-8541-226fee7d6e9e [INFO ] CadastroProdutoFavorito - produto salvo na lista de produtos favoritos com sucesso
26-04-2021 21:44:59.042 bd7724ab-f7fb-40d2-8541-226fee7d6e9e [INFO ] ControllerProdutoFavorito - Produto Favorito Cadastrado com sucesso
]]></system-out>
  </testcase>
  <testcase name="naoDevoCriarProdutoFavoritoEntaoRetornaHttp404" classname="com.api.produtosfavoritos.produtofavorito.CadastroProdutoFavoritoTest" time="0.291">
    <system-out><![CDATA[26-04-2021 21:44:59.053 eec85c95-56b0-4415-b1a7-83aa023d5a3c [INFO ] CorrelationIDInterceptor - correlation ID :eec85c95-56b0-4415-b1a7-83aa023d5a3c
26-04-2021 21:44:59.054 eec85c95-56b0-4415-b1a7-83aa023d5a3c [INFO ] ControllerCliente - Mapeamento do cliente realizado com sucesso: Cliente{nome='helder'}
26-04-2021 21:44:59.055 eec85c95-56b0-4415-b1a7-83aa023d5a3c [INFO ] ControllerCliente - Cliente salvo com sucesso: Cliente{nome='helder'}
26-04-2021 21:44:59.331 508fcb13-5b7f-48c5-a426-9a6e3ebf1c06 [INFO ] CorrelationIDInterceptor - correlation ID :508fcb13-5b7f-48c5-a426-9a6e3ebf1c06
26-04-2021 21:44:59.332 508fcb13-5b7f-48c5-a426-9a6e3ebf1c06 [ERROR] AdviceController - Erro de entidade nao encontrada: Unable to find com.api.produtosfavoritos.cliente.Cliente with id fdd0c6c3-999d-4c85-940e-b3db997b0b0011
]]></system-out>
  </testcase>
  <testcase name="naoDevoCriarProdutoFavoritoEntaoRetornaHttp409" classname="com.api.produtosfavoritos.produtofavorito.CadastroProdutoFavoritoTest" time="0.432">
    <system-out><![CDATA[26-04-2021 21:44:59.342 5c845252-eeb2-441b-be70-3933d46b6e29 [INFO ] CorrelationIDInterceptor - correlation ID :5c845252-eeb2-441b-be70-3933d46b6e29
26-04-2021 21:44:59.344 5c845252-eeb2-441b-be70-3933d46b6e29 [INFO ] ControllerCliente - Mapeamento do cliente realizado com sucesso: Cliente{nome='helder'}
26-04-2021 21:44:59.345 5c845252-eeb2-441b-be70-3933d46b6e29 [INFO ] ControllerCliente - Cliente salvo com sucesso: Cliente{nome='helder'}
26-04-2021 21:44:59.621 fd3a34e6-7ea6-447d-908e-c2e953b4f996 [INFO ] CorrelationIDInterceptor - correlation ID :fd3a34e6-7ea6-447d-908e-c2e953b4f996
26-04-2021 21:44:59.622 fd3a34e6-7ea6-447d-908e-c2e953b4f996 [INFO ] CadastroProdutoFavorito - Cliente validado com sucesso: 
26-04-2021 21:44:59.623 fd3a34e6-7ea6-447d-908e-c2e953b4f996 [INFO ] CadastroProdutoFavorito - produto validado com sucesso
26-04-2021 21:44:59.625 fd3a34e6-7ea6-447d-908e-c2e953b4f996 [INFO ] CadastroProdutoFavorito - produto consultado no catalogo de produtos com sucesso
26-04-2021 21:44:59.627 fd3a34e6-7ea6-447d-908e-c2e953b4f996 [INFO ] CadastroProdutoFavorito - produto salvo na lista de produtos favoritos com sucesso
26-04-2021 21:44:59.627 fd3a34e6-7ea6-447d-908e-c2e953b4f996 [INFO ] ControllerProdutoFavorito - Produto Favorito Cadastrado com sucesso
26-04-2021 21:44:59.765 1d61259a-300c-41f3-80cc-c3a68ae47806 [INFO ] CorrelationIDInterceptor - correlation ID :1d61259a-300c-41f3-80cc-c3a68ae47806
26-04-2021 21:44:59.766 1d61259a-300c-41f3-80cc-c3a68ae47806 [INFO ] CadastroProdutoFavorito - Cliente validado com sucesso: 
26-04-2021 21:44:59.767 1d61259a-300c-41f3-80cc-c3a68ae47806 [ERROR] AdviceController - Erro de integridade de dados: Produto ja cadastrado como favorito
]]></system-out>
  </testcase>
  <testcase name="naoDevoCriarProdutoFavoritoCasoProdutoNaoExistaEntaoRetornaHttp404" classname="com.api.produtosfavoritos.produtofavorito.CadastroProdutoFavoritoTest" time="0.308">
    <system-out><![CDATA[26-04-2021 21:44:59.776 d6eb5ab8-2c1d-4b0a-85ca-d3f097e9eb81 [INFO ] CorrelationIDInterceptor - correlation ID :d6eb5ab8-2c1d-4b0a-85ca-d3f097e9eb81
26-04-2021 21:44:59.777 d6eb5ab8-2c1d-4b0a-85ca-d3f097e9eb81 [INFO ] ControllerCliente - Mapeamento do cliente realizado com sucesso: Cliente{nome='helder'}
26-04-2021 21:44:59.779 d6eb5ab8-2c1d-4b0a-85ca-d3f097e9eb81 [INFO ] ControllerCliente - Cliente salvo com sucesso: Cliente{nome='helder'}
26-04-2021 21:45:00.053 c927e23d-addb-468b-bd85-656b2e845acd [INFO ] CorrelationIDInterceptor - correlation ID :c927e23d-addb-468b-bd85-656b2e845acd
26-04-2021 21:45:00.054 c927e23d-addb-468b-bd85-656b2e845acd [INFO ] CadastroProdutoFavorito - Cliente validado com sucesso: 
26-04-2021 21:45:00.055 c927e23d-addb-468b-bd85-656b2e845acd [INFO ] CadastroProdutoFavorito - produto validado com sucesso
26-04-2021 21:45:00.076 c927e23d-addb-468b-bd85-656b2e845acd [ERROR] AdviceController - Erro de entidade nao encontrada: Produto nao encontrado no catalogo - 404
]]></system-out>
  </testcase>
</testsuite>