<?xml version="1.0" encoding="UTF-8"?>
<testsuite xmlns:xsi="http://www.w3.org/2001/XMLSchema-instance" xsi:noNamespaceSchemaLocation="https://maven.apache.org/surefire/maven-surefire-plugin/xsd/surefire-test-report-3.0.xsd" version="3.0" name="com.api.produtosfavoritos.produtofavorito.CadastroProdutoFavoritoTest" time="4.043" tests="4" errors="0" skipped="0" failures="0">
  <properties>
[...]
</properties>
  <testcase name="devoCriarProdutoFavoritoEntaoRetornaHttp201" classname="com.api.produtosfavoritos.produtofavorito.CadastroProdutoFavoritoTest" time="0.624">
    <system-out><![CDATA[25-04-2021 22:10:09.342  [INFO ] AbstractContextLoader - Could not detect default resource locations for test class [com.api.produtosfavoritos.produtofavorito.CadastroProdutoFavoritoTest]: no resource found for suffixes {-context.xml, Context.groovy}.
25-04-2021 22:10:09.343  [INFO ] AnnotationConfigContextLoaderUtils - Could not detect default configuration classes for test class [com.api.produtosfavoritos.produtofavorito.CadastroProdutoFavoritoTest]: CadastroProdutoFavoritoTest does not declare any static, non-private, non-final, nested classes annotated with @Configuration.
25-04-2021 22:10:09.348  [INFO ] SpringBootTestContextBootstrapper - Found @SpringBootConfiguration com.api.produtosfavoritos.ProdutosFavoritosApplication for test class com.api.produtosfavoritos.produtofavorito.CadastroProdutoFavoritoTest
25-04-2021 22:10:09.349  [INFO ] AbstractTestContextBootstrapper - Loaded default TestExecutionListener class names from location [META-INF/spring.factories]: [org.springframework.boot.test.mock.mockito.MockitoTestExecutionListener, org.springframework.boot.test.mock.mockito.ResetMocksTestExecutionListener, org.springframework.boot.test.autoconfigure.restdocs.RestDocsTestExecutionListener, org.springframework.boot.test.autoconfigure.web.client.MockRestServiceServerResetTestExecutionListener, org.springframework.boot.test.autoconfigure.web.servlet.MockMvcPrintOnlyOnFailureTestExecutionListener, org.springframework.boot.test.autoconfigure.web.servlet.WebDriverTestExecutionListener, org.springframework.boot.test.autoconfigure.webservices.client.MockWebServiceServerTestExecutionListener, org.springframework.test.context.web.ServletTestExecutionListener, org.springframework.test.context.support.DirtiesContextBeforeModesTestExecutionListener, org.springframework.test.context.event.ApplicationEventsTestExecutionListener, org.springframework.test.context.support.DependencyInjectionTestExecutionListener, org.springframework.test.context.support.DirtiesContextTestExecutionListener, org.springframework.test.context.transaction.TransactionalTestExecutionListener, org.springframework.test.context.jdbc.SqlScriptsTestExecutionListener, org.springframework.test.context.event.EventPublishingTestExecutionListener]
25-04-2021 22:10:09.350  [INFO ] AbstractTestContextBootstrapper - Using TestExecutionListeners: [org.springframework.test.context.web.ServletTestExecutionListener@7eb370c5, org.springframework.test.context.support.DirtiesContextBeforeModesTestExecutionListener@26c24e5, org.springframework.test.context.event.ApplicationEventsTestExecutionListener@29509774, org.springframework.boot.test.mock.mockito.MockitoTestExecutionListener@9198fe3, org.springframework.boot.test.autoconfigure.SpringBootDependencyInjectionTestExecutionListener@6cc9f35d, org.springframework.test.context.support.DirtiesContextTestExecutionListener@f61b92d, org.springframework.test.context.transaction.TransactionalTestExecutionListener@22277482, org.springframework.test.context.jdbc.SqlScriptsTestExecutionListener@670481b2, org.springframework.test.context.event.EventPublishingTestExecutionListener@4474c514, org.springframework.boot.test.mock.mockito.ResetMocksTestExecutionListener@465eb466, org.springframework.boot.test.autoconfigure.restdocs.RestDocsTestExecutionListener@5fc44b4b, org.springframework.boot.test.autoconfigure.web.client.MockRestServiceServerResetTestExecutionListener@1c8e4810, org.springframework.boot.test.autoconfigure.web.servlet.MockMvcPrintOnlyOnFailureTestExecutionListener@7e3062f0, org.springframework.boot.test.autoconfigure.web.servlet.WebDriverTestExecutionListener@4dfe14d4, org.springframework.boot.test.autoconfigure.webservices.client.MockWebServiceServerTestExecutionListener@309d9033]
25-04-2021 22:10:09.676  [INFO ] Slf4jLog - Logging to Logger[org.mortbay.log] via org.mortbay.log.Slf4jLog
25-04-2021 22:10:09.750  [INFO ] StartupInfoLogger - Starting CadastroProdutoFavoritoTest using Java 11.0.9 on MacBook-Pro-de-Helder.local with PID 19075 (started by tomate in /Users/tomate/produtos-favoritos)
25-04-2021 22:10:09.750  [INFO ] SpringApplication - No active profile set, falling back to default profiles: default
25-04-2021 22:10:09.955  [INFO ] RepositoryConfigurationDelegate - Bootstrapping Spring Data JPA repositories in DEFAULT mode.
25-04-2021 22:10:09.968  [INFO ] RepositoryConfigurationDelegate - Finished Spring Data repository scanning in 12 ms. Found 2 JPA repository interfaces.
25-04-2021 22:10:10.007  [INFO ] GenericScope - BeanFactory id=7afddcde-dc16-3899-8953-6833290769b1
25-04-2021 22:10:10.064  [INFO ] PostProcessorRegistrationDelegate$BeanPostProcessorChecker - Bean 'org.springframework.security.access.expression.method.DefaultMethodSecurityExpressionHandler@1bb1ba54' of type [org.springframework.security.access.expression.method.DefaultMethodSecurityExpressionHandler] is not eligible for getting processed by all BeanPostProcessors (for example: not eligible for auto-proxying)
25-04-2021 22:10:10.073  [INFO ] PostProcessorRegistrationDelegate$BeanPostProcessorChecker - Bean 'methodSecurityMetadataSource' of type [org.springframework.security.access.method.DelegatingMethodSecurityMetadataSource] is not eligible for getting processed by all BeanPostProcessors (for example: not eligible for auto-proxying)
25-04-2021 22:10:10.322  [INFO ] TomcatWebServer - Tomcat initialized with port(s): 0 (http)
25-04-2021 22:10:10.336  [INFO ] DirectJDKLog - Initializing ProtocolHandler ["http-nio-auto-1"]
25-04-2021 22:10:10.337  [INFO ] DirectJDKLog - Starting service [Tomcat]
25-04-2021 22:10:10.338  [INFO ] DirectJDKLog - Starting Servlet engine: [Apache Tomcat/9.0.45]
25-04-2021 22:10:10.584  [INFO ] DirectJDKLog - Initializing Spring embedded WebApplicationContext
25-04-2021 22:10:10.584  [INFO ] ServletWebServerApplicationContext - Root WebApplicationContext: initialization completed in 832 ms
25-04-2021 22:10:10.729  [INFO ] HikariDataSource - HikariPool-2 - Starting...
25-04-2021 22:10:10.731  [INFO ] HikariDataSource - HikariPool-2 - Start completed.
25-04-2021 22:10:10.775  [INFO ] LogHelper - HHH000204: Processing PersistenceUnitInfo [name: default]
25-04-2021 22:10:10.781  [INFO ] Dialect - HHH000400: Using dialect: org.hibernate.dialect.H2Dialect
25-04-2021 22:10:10.833  [INFO ] JtaPlatformInitiator - HHH000490: Using JtaPlatform implementation: [org.hibernate.engine.transaction.jta.platform.internal.NoJtaPlatform]
25-04-2021 22:10:10.834  [INFO ] AbstractEntityManagerFactoryBean - Initialized JPA EntityManagerFactory for persistence unit 'default'
25-04-2021 22:10:10.934  [WARN ] JpaBaseConfiguration$JpaWebConfiguration - spring.jpa.open-in-view is enabled by default. Therefore, database queries may be performed during view rendering. Explicitly configure spring.jpa.open-in-view to disable this warning
25-04-2021 22:10:11.113  [INFO ] DefaultSecurityFilterChain - Will secure any request with [org.springframework.security.web.context.request.async.WebAsyncManagerIntegrationFilter@397fced4, org.springframework.security.web.context.SecurityContextPersistenceFilter@a9e31e8, org.springframework.security.web.header.HeaderWriterFilter@20ac726c, org.springframework.web.filter.CorsFilter@2026af0, org.springframework.security.web.authentication.logout.LogoutFilter@793f2b41, com.api.produtosfavoritos.security.JwtAuthenticationFilter@31c9bb2f, com.api.produtosfavoritos.security.JwtAuthorizationFilter@71e839ee, org.springframework.security.web.savedrequest.RequestCacheAwareFilter@27c2f134, org.springframework.security.web.servletapi.SecurityContextHolderAwareRequestFilter@64bed8b2, org.springframework.security.web.authentication.AnonymousAuthenticationFilter@36a65069, org.springframework.security.web.session.SessionManagementFilter@75c2a35, org.springframework.security.web.access.ExceptionTranslationFilter@f3458af, org.springframework.security.web.access.intercept.FilterSecurityInterceptor@280d1d8d]
25-04-2021 22:10:11.226  [INFO ] ExecutorConfigurationSupport - Initializing ExecutorService 'applicationTaskExecutor'
25-04-2021 22:10:11.413  [INFO ] DirectJDKLog - Initializing Spring TestDispatcherServlet ''
25-04-2021 22:10:11.413  [INFO ] FrameworkServlet - Initializing Servlet ''
25-04-2021 22:10:11.414  [INFO ] FrameworkServlet - Completed initialization in 0 ms
25-04-2021 22:10:11.525  [INFO ] DirectJDKLog - Starting ProtocolHandler ["http-nio-auto-1"]
25-04-2021 22:10:11.557  [INFO ] TomcatWebServer - Tomcat started on port(s): 58368 (http) with context path ''
25-04-2021 22:10:11.566  [INFO ] StartupInfoLogger - Started CadastroProdutoFavoritoTest in 2.214 seconds (JVM running for 17.833)
25-04-2021 22:10:11.585 2bb5a487-719b-4d72-aa91-47a7c9ddf39a [INFO ] CorrelationIDInterceptor - correlation ID :2bb5a487-719b-4d72-aa91-47a7c9ddf39a
25-04-2021 22:10:11.596 2bb5a487-719b-4d72-aa91-47a7c9ddf39a [INFO ] ControllerCliente - Mapeamento do cliente realizado com sucesso: Cliente{nome='helder'}
25-04-2021 22:10:11.600 2bb5a487-719b-4d72-aa91-47a7c9ddf39a [INFO ] ControllerCliente - Cliente salvo com sucesso: Cliente{nome='helder'}
25-04-2021 22:10:12.080 57c6309c-0e2c-4110-a8d6-34c6695e25f4 [INFO ] CorrelationIDInterceptor - correlation ID :57c6309c-0e2c-4110-a8d6-34c6695e25f4
25-04-2021 22:10:12.085 57c6309c-0e2c-4110-a8d6-34c6695e25f4 [INFO ] CadastroProdutoFavorito - Cliente validado com sucesso: 
25-04-2021 22:10:12.087 57c6309c-0e2c-4110-a8d6-34c6695e25f4 [INFO ] CadastroProdutoFavorito - produto validado com sucesso
25-04-2021 22:10:12.184 57c6309c-0e2c-4110-a8d6-34c6695e25f4 [INFO ] CadastroProdutoFavorito - produto consultado no catalogo de produtos com sucesso
25-04-2021 22:10:12.191 57c6309c-0e2c-4110-a8d6-34c6695e25f4 [INFO ] CadastroProdutoFavorito - produto salvo na lista de produtos favoritos com sucesso
25-04-2021 22:10:12.191 57c6309c-0e2c-4110-a8d6-34c6695e25f4 [INFO ] ControllerProdutoFavorito - Produto Favorito Cadastrado com sucesso
]]></system-out>
  </testcase>
  <testcase name="naoDevoCriarProdutoFavoritoEntaoRetornaHttp404" classname="com.api.produtosfavoritos.produtofavorito.CadastroProdutoFavoritoTest" time="0.356">
    <system-out><![CDATA[25-04-2021 22:10:12.203 c38726c8-cffc-4264-ac88-3a4c96356596 [INFO ] CorrelationIDInterceptor - correlation ID :c38726c8-cffc-4264-ac88-3a4c96356596
25-04-2021 22:10:12.205 c38726c8-cffc-4264-ac88-3a4c96356596 [INFO ] ControllerCliente - Mapeamento do cliente realizado com sucesso: Cliente{nome='helder'}
25-04-2021 22:10:12.207 c38726c8-cffc-4264-ac88-3a4c96356596 [INFO ] ControllerCliente - Cliente salvo com sucesso: Cliente{nome='helder'}
25-04-2021 22:10:12.545 207f782f-2bd6-4ef9-a712-a5123b775a17 [INFO ] CorrelationIDInterceptor - correlation ID :207f782f-2bd6-4ef9-a712-a5123b775a17
25-04-2021 22:10:12.546 207f782f-2bd6-4ef9-a712-a5123b775a17 [ERROR] AdviceController - Erro de entidade nao encontrada: Unable to find com.api.produtosfavoritos.cliente.Cliente with id 97a1f98e-3a18-48c8-9a68-f8f2cacb8fd511
]]></system-out>
  </testcase>
  <testcase name="naoDevoCriarProdutoFavoritoEntaoRetornaHttp409" classname="com.api.produtosfavoritos.produtofavorito.CadastroProdutoFavoritoTest" time="0.492">
    <system-out><![CDATA[25-04-2021 22:10:12.557 ae83d27e-0987-4716-a949-aec092a5ae8f [INFO ] CorrelationIDInterceptor - correlation ID :ae83d27e-0987-4716-a949-aec092a5ae8f
25-04-2021 22:10:12.558 ae83d27e-0987-4716-a949-aec092a5ae8f [INFO ] ControllerCliente - Mapeamento do cliente realizado com sucesso: Cliente{nome='helder'}
25-04-2021 22:10:12.560 ae83d27e-0987-4716-a949-aec092a5ae8f [INFO ] ControllerCliente - Cliente salvo com sucesso: Cliente{nome='helder'}
25-04-2021 22:10:12.877 b825f151-0661-46a1-ae4e-11756452e692 [INFO ] CorrelationIDInterceptor - correlation ID :b825f151-0661-46a1-ae4e-11756452e692
25-04-2021 22:10:12.878 b825f151-0661-46a1-ae4e-11756452e692 [INFO ] CadastroProdutoFavorito - Cliente validado com sucesso: 
25-04-2021 22:10:12.879 b825f151-0661-46a1-ae4e-11756452e692 [INFO ] CadastroProdutoFavorito - produto validado com sucesso
25-04-2021 22:10:12.882 b825f151-0661-46a1-ae4e-11756452e692 [INFO ] CadastroProdutoFavorito - produto consultado no catalogo de produtos com sucesso
25-04-2021 22:10:12.885 b825f151-0661-46a1-ae4e-11756452e692 [INFO ] CadastroProdutoFavorito - produto salvo na lista de produtos favoritos com sucesso
25-04-2021 22:10:12.885 b825f151-0661-46a1-ae4e-11756452e692 [INFO ] ControllerProdutoFavorito - Produto Favorito Cadastrado com sucesso
25-04-2021 22:10:13.036 0acd928f-5b92-4bd3-a17a-36fc2542ec50 [INFO ] CorrelationIDInterceptor - correlation ID :0acd928f-5b92-4bd3-a17a-36fc2542ec50
25-04-2021 22:10:13.037 0acd928f-5b92-4bd3-a17a-36fc2542ec50 [INFO ] CadastroProdutoFavorito - Cliente validado com sucesso: 
25-04-2021 22:10:13.039 0acd928f-5b92-4bd3-a17a-36fc2542ec50 [ERROR] AdviceController - Erro de integridade de dados: Produto ja cadastrado como favorito
]]></system-out>
  </testcase>
  <testcase name="naoDevoCriarProdutoFavoritoCasoProdutoNaoExistaEntaoRetornaHttp404" classname="com.api.produtosfavoritos.produtofavorito.CadastroProdutoFavoritoTest" time="0.334">
    <system-out><![CDATA[25-04-2021 22:10:13.053 cc4baa9e-4d11-4814-bd94-a24a26efe949 [INFO ] CorrelationIDInterceptor - correlation ID :cc4baa9e-4d11-4814-bd94-a24a26efe949
25-04-2021 22:10:13.054 cc4baa9e-4d11-4814-bd94-a24a26efe949 [INFO ] ControllerCliente - Mapeamento do cliente realizado com sucesso: Cliente{nome='helder'}
25-04-2021 22:10:13.056 cc4baa9e-4d11-4814-bd94-a24a26efe949 [INFO ] ControllerCliente - Cliente salvo com sucesso: Cliente{nome='helder'}
25-04-2021 22:10:13.345 cbff35b5-33ff-439f-9f8c-f7143cb67096 [INFO ] CorrelationIDInterceptor - correlation ID :cbff35b5-33ff-439f-9f8c-f7143cb67096
25-04-2021 22:10:13.346 cbff35b5-33ff-439f-9f8c-f7143cb67096 [INFO ] CadastroProdutoFavorito - Cliente validado com sucesso: 
25-04-2021 22:10:13.348 cbff35b5-33ff-439f-9f8c-f7143cb67096 [INFO ] CadastroProdutoFavorito - produto validado com sucesso
25-04-2021 22:10:13.376 cbff35b5-33ff-439f-9f8c-f7143cb67096 [ERROR] AdviceController - Erro de entidade nao encontrada: Produto nao encontrado no catalogo - 404
]]></system-out>
  </testcase>
</testsuite>