<?xml version="1.0" encoding="UTF-8"?>
<testsuite xmlns:xsi="http://www.w3.org/2001/XMLSchema-instance" xsi:noNamespaceSchemaLocation="https://maven.apache.org/surefire/maven-surefire-plugin/xsd/surefire-test-report-3.0.xsd" version="3.0" name="com.api.produtosfavoritos.ProdutosFavoritosApplicationTests" time="1.226" tests="1" errors="0" skipped="0" failures="0">
  <properties>
[...]
</properties>
  <testcase name="contextLoads" classname="com.api.produtosfavoritos.ProdutosFavoritosApplicationTests" time="0.006">
    <system-out><![CDATA[27-04-2021 19:33:43.165  [INFO ] AbstractTestContextBootstrapper - Neither @ContextConfiguration nor @ContextHierarchy found for test class [com.api.produtosfavoritos.ProdutosFavoritosApplicationTests], using SpringBootContextLoader
27-04-2021 19:33:43.166  [INFO ] AbstractContextLoader - Could not detect default resource locations for test class [com.api.produtosfavoritos.ProdutosFavoritosApplicationTests]: no resource found for suffixes {-context.xml, Context.groovy}.
27-04-2021 19:33:43.166  [INFO ] AnnotationConfigContextLoaderUtils - Could not detect default configuration classes for test class [com.api.produtosfavoritos.ProdutosFavoritosApplicationTests]: ProdutosFavoritosApplicationTests does not declare any static, non-private, non-final, nested classes annotated with @Configuration.
27-04-2021 19:33:43.170  [INFO ] SpringBootTestContextBootstrapper - Found @SpringBootConfiguration com.api.produtosfavoritos.ProdutosFavoritosApplication for test class com.api.produtosfavoritos.ProdutosFavoritosApplicationTests
27-04-2021 19:33:43.172  [INFO ] AbstractTestContextBootstrapper - Loaded default TestExecutionListener class names from location [META-INF/spring.factories]: [org.springframework.boot.test.mock.mockito.MockitoTestExecutionListener, org.springframework.boot.test.mock.mockito.ResetMocksTestExecutionListener, org.springframework.boot.test.autoconfigure.restdocs.RestDocsTestExecutionListener, org.springframework.boot.test.autoconfigure.web.client.MockRestServiceServerResetTestExecutionListener, org.springframework.boot.test.autoconfigure.web.servlet.MockMvcPrintOnlyOnFailureTestExecutionListener, org.springframework.boot.test.autoconfigure.web.servlet.WebDriverTestExecutionListener, org.springframework.boot.test.autoconfigure.webservices.client.MockWebServiceServerTestExecutionListener, org.springframework.test.context.web.ServletTestExecutionListener, org.springframework.test.context.support.DirtiesContextBeforeModesTestExecutionListener, org.springframework.test.context.event.ApplicationEventsTestExecutionListener, org.springframework.test.context.support.DependencyInjectionTestExecutionListener, org.springframework.test.context.support.DirtiesContextTestExecutionListener, org.springframework.test.context.transaction.TransactionalTestExecutionListener, org.springframework.test.context.jdbc.SqlScriptsTestExecutionListener, org.springframework.test.context.event.EventPublishingTestExecutionListener]
27-04-2021 19:33:43.172  [INFO ] AbstractTestContextBootstrapper - Using TestExecutionListeners: [org.springframework.test.context.web.ServletTestExecutionListener@1221d607, org.springframework.test.context.support.DirtiesContextBeforeModesTestExecutionListener@4b45c8e4, org.springframework.test.context.event.ApplicationEventsTestExecutionListener@3dc14f80, org.springframework.boot.test.mock.mockito.MockitoTestExecutionListener@627a890f, org.springframework.boot.test.autoconfigure.SpringBootDependencyInjectionTestExecutionListener@7ef7faa9, org.springframework.test.context.support.DirtiesContextTestExecutionListener@1b901f7b, org.springframework.test.context.transaction.TransactionalTestExecutionListener@2c9aeec6, org.springframework.test.context.jdbc.SqlScriptsTestExecutionListener@1a1e38ab, org.springframework.test.context.event.EventPublishingTestExecutionListener@5bfdabf3, org.springframework.boot.test.mock.mockito.ResetMocksTestExecutionListener@400d1c30, org.springframework.boot.test.autoconfigure.restdocs.RestDocsTestExecutionListener@3b9a2629, org.springframework.boot.test.autoconfigure.web.client.MockRestServiceServerResetTestExecutionListener@50aa9a91, org.springframework.boot.test.autoconfigure.web.servlet.MockMvcPrintOnlyOnFailureTestExecutionListener@663e1144, org.springframework.boot.test.autoconfigure.web.servlet.WebDriverTestExecutionListener@4efa7d2f, org.springframework.boot.test.autoconfigure.webservices.client.MockWebServiceServerTestExecutionListener@24bba1b7]
27-04-2021 19:33:43.214  [INFO ] StartupInfoLogger - Starting ProdutosFavoritosApplicationTests using Java 11.0.9 on MacBook-Pro-de-Helder.local with PID 24913 (started by tomate in /Users/tomate/produtos-favoritos)
27-04-2021 19:33:43.215  [INFO ] SpringApplication - No active profile set, falling back to default profiles: default
27-04-2021 19:33:43.413  [INFO ] RepositoryConfigurationDelegate - Bootstrapping Spring Data MongoDB repositories in DEFAULT mode.
27-04-2021 19:33:43.424  [INFO ] RepositoryConfigurationDelegate - Finished Spring Data repository scanning in 10 ms. Found 2 MongoDB repository interfaces.
27-04-2021 19:33:43.454  [INFO ] GenericScope - BeanFactory id=03339fce-e05f-34aa-8446-08ce5bfe67c1
27-04-2021 19:33:43.490  [INFO ] PostProcessorRegistrationDelegate$BeanPostProcessorChecker - Bean 'org.springframework.security.access.expression.method.DefaultMethodSecurityExpressionHandler@7db70494' of type [org.springframework.security.access.expression.method.DefaultMethodSecurityExpressionHandler] is not eligible for getting processed by all BeanPostProcessors (for example: not eligible for auto-proxying)
27-04-2021 19:33:43.497  [INFO ] PostProcessorRegistrationDelegate$BeanPostProcessorChecker - Bean 'methodSecurityMetadataSource' of type [org.springframework.security.access.method.DelegatingMethodSecurityMetadataSource] is not eligible for getting processed by all BeanPostProcessors (for example: not eligible for auto-proxying)
27-04-2021 19:33:43.543  [INFO ] SLF4JLogger - Cluster created with settings {hosts=[localhost:27017], mode=SINGLE, requiredClusterType=UNKNOWN, serverSelectionTimeout='30000 ms'}
27-04-2021 19:33:43.559  [INFO ] SLF4JLogger - Opened connection [connectionId{localValue:5, serverValue:9}] to localhost:27017
27-04-2021 19:33:43.560  [INFO ] SLF4JLogger - Opened connection [connectionId{localValue:4, serverValue:10}] to localhost:27017
27-04-2021 19:33:43.561  [INFO ] SLF4JLogger - Monitor thread successfully connected to server with description ServerDescription{address=localhost:27017, type=STANDALONE, state=CONNECTED, ok=true, minWireVersion=0, maxWireVersion=9, maxDocumentSize=16777216, logicalSessionTimeoutMinutes=30, roundTripTimeNanos=12310806}
27-04-2021 19:33:43.840  [INFO ] SLF4JLogger - Exception in monitor thread while connecting to server localhost:27017
com.mongodb.MongoNodeIsRecoveringException: Command failed with error 11600 (InterruptedAtShutdown): 'interrupted at shutdown' on server localhost:27017. The full response is {"ok": 0.0, "errmsg": "interrupted at shutdown", "code": 11600, "codeName": "InterruptedAtShutdown"}
	at com.mongodb.internal.connection.ProtocolHelper.createSpecialException(ProtocolHelper.java:242)
	at com.mongodb.internal.connection.ProtocolHelper.getCommandFailureException(ProtocolHelper.java:171)
	at com.mongodb.internal.connection.InternalStreamConnection.receiveCommandMessageResponse(InternalStreamConnection.java:359)
	at com.mongodb.internal.connection.InternalStreamConnection.receive(InternalStreamConnection.java:316)
	at com.mongodb.internal.connection.DefaultServerMonitor$ServerMonitorRunnable.lookupServerDescription(DefaultServerMonitor.java:215)
	at com.mongodb.internal.connection.DefaultServerMonitor$ServerMonitorRunnable.run(DefaultServerMonitor.java:144)
	at java.base/java.lang.Thread.run(Thread.java:834)
27-04-2021 19:33:43.840  [INFO ] SLF4JLogger - Exception in monitor thread while connecting to server localhost:27017
com.mongodb.MongoNodeIsRecoveringException: Command failed with error 11600 (InterruptedAtShutdown): 'interrupted at shutdown' on server localhost:27017. The full response is {"ok": 0.0, "errmsg": "interrupted at shutdown", "code": 11600, "codeName": "InterruptedAtShutdown"}
	at com.mongodb.internal.connection.ProtocolHelper.createSpecialException(ProtocolHelper.java:242)
	at com.mongodb.internal.connection.ProtocolHelper.getCommandFailureException(ProtocolHelper.java:171)
	at com.mongodb.internal.connection.InternalStreamConnection.receiveCommandMessageResponse(InternalStreamConnection.java:359)
	at com.mongodb.internal.connection.InternalStreamConnection.receive(InternalStreamConnection.java:316)
	at com.mongodb.internal.connection.DefaultServerMonitor$ServerMonitorRunnable.lookupServerDescription(DefaultServerMonitor.java:215)
	at com.mongodb.internal.connection.DefaultServerMonitor$ServerMonitorRunnable.run(DefaultServerMonitor.java:144)
	at java.base/java.lang.Thread.run(Thread.java:834)
27-04-2021 19:33:43.957  [INFO ] DefaultSecurityFilterChain - Will secure any request with [org.springframework.security.web.context.request.async.WebAsyncManagerIntegrationFilter@4144d4a, org.springframework.security.web.context.SecurityContextPersistenceFilter@34d26a68, org.springframework.security.web.header.HeaderWriterFilter@2dc319cf, org.springframework.web.filter.CorsFilter@20276412, org.springframework.security.web.authentication.logout.LogoutFilter@5418893c, com.api.produtosfavoritos.security.JwtAuthenticationFilter@1dae9e61, com.api.produtosfavoritos.security.JwtAuthorizationFilter@37b44e8e, org.springframework.security.web.savedrequest.RequestCacheAwareFilter@fef2768, org.springframework.security.web.servletapi.SecurityContextHolderAwareRequestFilter@3a574a3b, org.springframework.security.web.authentication.AnonymousAuthenticationFilter@11ec2b2f, org.springframework.security.web.session.SessionManagementFilter@1690929, org.springframework.security.web.access.ExceptionTranslationFilter@7ca8f5d7, org.springframework.security.web.access.intercept.FilterSecurityInterceptor@436d2bb9]
27-04-2021 19:33:44.139  [INFO ] ExecutorConfigurationSupport - Initializing ExecutorService 'applicationTaskExecutor'
27-04-2021 19:33:44.379  [INFO ] StartupInfoLogger - Started ProdutosFavoritosApplicationTests in 1.204 seconds (JVM running for 10.417)
]]></system-out>
  </testcase>
</testsuite>