<?xml version="1.0" encoding="UTF-8"?>
<testsuite xmlns:xsi="http://www.w3.org/2001/XMLSchema-instance" xsi:noNamespaceSchemaLocation="https://maven.apache.org/surefire/maven-surefire-plugin/xsd/surefire-test-report-3.0.xsd" version="3.0" name="com.api.produtosfavoritos.cliente.CadastrarClienteTest" time="0.059" tests="4" errors="0" skipped="0" failures="0">
  <properties>
[...]
</properties>
  <testcase name="naoDevoCadastrarOClienteComEmailVazioEntaoRetornaHttp400" classname="com.api.produtosfavoritos.cliente.CadastrarClienteTest" time="0.016">
    <system-out><![CDATA[26-04-2021 21:44:56.107  [INFO ] AbstractTestContextBootstrapper - Neither @ContextConfiguration nor @ContextHierarchy found for test class [com.api.produtosfavoritos.cliente.CadastrarClienteTest], using SpringBootContextLoader
26-04-2021 21:44:56.108  [INFO ] AbstractContextLoader - Could not detect default resource locations for test class [com.api.produtosfavoritos.cliente.CadastrarClienteTest]: no resource found for suffixes {-context.xml, Context.groovy}.
26-04-2021 21:44:56.109  [INFO ] AnnotationConfigContextLoaderUtils - Could not detect default configuration classes for test class [com.api.produtosfavoritos.cliente.CadastrarClienteTest]: CadastrarClienteTest does not declare any static, non-private, non-final, nested classes annotated with @Configuration.
26-04-2021 21:44:56.111  [INFO ] SpringBootTestContextBootstrapper - Found @SpringBootConfiguration com.api.produtosfavoritos.ProdutosFavoritosApplication for test class com.api.produtosfavoritos.cliente.CadastrarClienteTest
26-04-2021 21:44:56.113  [INFO ] AbstractTestContextBootstrapper - Loaded default TestExecutionListener class names from location [META-INF/spring.factories]: [org.springframework.boot.test.mock.mockito.MockitoTestExecutionListener, org.springframework.boot.test.mock.mockito.ResetMocksTestExecutionListener, org.springframework.boot.test.autoconfigure.restdocs.RestDocsTestExecutionListener, org.springframework.boot.test.autoconfigure.web.client.MockRestServiceServerResetTestExecutionListener, org.springframework.boot.test.autoconfigure.web.servlet.MockMvcPrintOnlyOnFailureTestExecutionListener, org.springframework.boot.test.autoconfigure.web.servlet.WebDriverTestExecutionListener, org.springframework.boot.test.autoconfigure.webservices.client.MockWebServiceServerTestExecutionListener, org.springframework.test.context.web.ServletTestExecutionListener, org.springframework.test.context.support.DirtiesContextBeforeModesTestExecutionListener, org.springframework.test.context.event.ApplicationEventsTestExecutionListener, org.springframework.test.context.support.DependencyInjectionTestExecutionListener, org.springframework.test.context.support.DirtiesContextTestExecutionListener, org.springframework.test.context.transaction.TransactionalTestExecutionListener, org.springframework.test.context.jdbc.SqlScriptsTestExecutionListener, org.springframework.test.context.event.EventPublishingTestExecutionListener]
26-04-2021 21:44:56.113  [INFO ] AbstractTestContextBootstrapper - Using TestExecutionListeners: [org.springframework.test.context.web.ServletTestExecutionListener@119cd026, org.springframework.test.context.support.DirtiesContextBeforeModesTestExecutionListener@65448932, org.springframework.test.context.event.ApplicationEventsTestExecutionListener@731a5a39, org.springframework.boot.test.mock.mockito.MockitoTestExecutionListener@1acd952e, org.springframework.boot.test.autoconfigure.SpringBootDependencyInjectionTestExecutionListener@6da76bb1, org.springframework.test.context.support.DirtiesContextTestExecutionListener@2ceb722e, org.springframework.test.context.transaction.TransactionalTestExecutionListener@d012e18, org.springframework.test.context.jdbc.SqlScriptsTestExecutionListener@7b13ae73, org.springframework.test.context.event.EventPublishingTestExecutionListener@2dbfb843, org.springframework.boot.test.mock.mockito.ResetMocksTestExecutionListener@5ab2c5d8, org.springframework.boot.test.autoconfigure.restdocs.RestDocsTestExecutionListener@5ec75178, org.springframework.boot.test.autoconfigure.web.client.MockRestServiceServerResetTestExecutionListener@38410ce5, org.springframework.boot.test.autoconfigure.web.servlet.MockMvcPrintOnlyOnFailureTestExecutionListener@68ecc60e, org.springframework.boot.test.autoconfigure.web.servlet.WebDriverTestExecutionListener@24bc52ce, org.springframework.boot.test.autoconfigure.webservices.client.MockWebServiceServerTestExecutionListener@40949bb0]
26-04-2021 21:44:56.120 4d2e6afa-b004-4c6e-bd6b-7063425568a9 [INFO ] CorrelationIDInterceptor - correlation ID :4d2e6afa-b004-4c6e-bd6b-7063425568a9
26-04-2021 21:44:56.127 4d2e6afa-b004-4c6e-bd6b-7063425568a9 [ERROR] AdviceController - Erro de campo invalido: Validation failed for argument [0] in public org.springframework.http.ResponseEntity com.api.produtosfavoritos.cliente.ControllerCliente.cadastrarCliente(com.api.produtosfavoritos.cliente.ClienteDto): [Field error in object 'clienteDto' on field 'email': rejected value []; codes [NotBlank.clienteDto.email,NotBlank.email,NotBlank.java.lang.String,NotBlank]; arguments [org.springframework.context.support.DefaultMessageSourceResolvable: codes [clienteDto.email,email]; arguments []; default message [email]]; default message [email não pode estar nulo]] 
]]></system-out>
  </testcase>
  <testcase name="naoDevoCadastrarOClienteComEmailJaCadastradoEntaoRetornaHttp409" classname="com.api.produtosfavoritos.cliente.CadastrarClienteTest" time="0.017">
    <system-out><![CDATA[26-04-2021 21:44:56.133 d285287f-89d2-42e3-8021-3cf77b015671 [INFO ] CorrelationIDInterceptor - correlation ID :d285287f-89d2-42e3-8021-3cf77b015671
26-04-2021 21:44:56.135 d285287f-89d2-42e3-8021-3cf77b015671 [INFO ] ControllerCliente - Mapeamento do cliente realizado com sucesso: Cliente{nome='helder'}
26-04-2021 21:44:56.136 d285287f-89d2-42e3-8021-3cf77b015671 [INFO ] ControllerCliente - Cliente salvo com sucesso: Cliente{nome='helder'}
26-04-2021 21:44:56.138 60d00f12-71c7-493c-8659-fe8fb864baa3 [INFO ] CorrelationIDInterceptor - correlation ID :60d00f12-71c7-493c-8659-fe8fb864baa3
26-04-2021 21:44:56.139 60d00f12-71c7-493c-8659-fe8fb864baa3 [INFO ] ControllerCliente - Mapeamento do cliente realizado com sucesso: Cliente{nome='helder'}
26-04-2021 21:44:56.142 60d00f12-71c7-493c-8659-fe8fb864baa3 [WARN ] SqlExceptionHelper - SQL Error: 23505, SQLState: 23505
26-04-2021 21:44:56.142 60d00f12-71c7-493c-8659-fe8fb864baa3 [ERROR] SqlExceptionHelper - Unique index or primary key violation: "PUBLIC.CONSTRAINT_INDEX_5E ON PUBLIC.CLIENTE(EMAIL) VALUES 10"; SQL statement:
insert into cliente (email, nome, cliente_id) values (?, ?, ?) [23505-200]
26-04-2021 21:44:56.144 60d00f12-71c7-493c-8659-fe8fb864baa3 [ERROR] AdviceController - Erro de integridade de dados: could not execute statement; SQL [n/a]; constraint ["PUBLIC.CONSTRAINT_INDEX_5E ON PUBLIC.CLIENTE(EMAIL) VALUES 10"; SQL statement:
insert into cliente (email, nome, cliente_id) values (?, ?, ?) [23505-200]]; nested exception is org.hibernate.exception.ConstraintViolationException: could not execute statement
]]></system-out>
  </testcase>
  <testcase name="devoCadastrarOClienteEntaoRetornaHttp201" classname="com.api.produtosfavoritos.cliente.CadastrarClienteTest" time="0.009">
    <system-out><![CDATA[26-04-2021 21:44:56.153 26b927a1-a8e7-4016-883b-c680ced1c6db [INFO ] CorrelationIDInterceptor - correlation ID :26b927a1-a8e7-4016-883b-c680ced1c6db
26-04-2021 21:44:56.155 26b927a1-a8e7-4016-883b-c680ced1c6db [INFO ] ControllerCliente - Mapeamento do cliente realizado com sucesso: Cliente{nome='helder'}
26-04-2021 21:44:56.156 26b927a1-a8e7-4016-883b-c680ced1c6db [INFO ] ControllerCliente - Cliente salvo com sucesso: Cliente{nome='helder'}
]]></system-out>
  </testcase>
  <testcase name="naoDevoCadastrarOClienteComNomeVazioEntaoRetornaHttp400" classname="com.api.produtosfavoritos.cliente.CadastrarClienteTest" time="0.006">
    <system-out><![CDATA[26-04-2021 21:44:56.162 bd7ab232-c4e1-452a-b646-c7dee8dd7583 [INFO ] CorrelationIDInterceptor - correlation ID :bd7ab232-c4e1-452a-b646-c7dee8dd7583
26-04-2021 21:44:56.163 bd7ab232-c4e1-452a-b646-c7dee8dd7583 [ERROR] AdviceController - Erro de campo invalido: Validation failed for argument [0] in public org.springframework.http.ResponseEntity com.api.produtosfavoritos.cliente.ControllerCliente.cadastrarCliente(com.api.produtosfavoritos.cliente.ClienteDto): [Field error in object 'clienteDto' on field 'nome': rejected value []; codes [NotBlank.clienteDto.nome,NotBlank.nome,NotBlank.java.lang.String,NotBlank]; arguments [org.springframework.context.support.DefaultMessageSourceResolvable: codes [clienteDto.nome,nome]; arguments []; default message [nome]]; default message [nome não pode estar nulo]] 
]]></system-out>
  </testcase>
</testsuite>